<?xml version="1.0" encoding="UTF-8"?>
<testng-results skipped="0" failed="0" ignored="0" total="1" passed="1">
  <reporter-output>
  </reporter-output>
  <suite name="Default suite" duration-ms="215" started-at="2022-03-15T09:16:34Z" finished-at="2022-03-15T09:16:34Z">
    <groups>
    </groups>
    <test name="Default test" duration-ms="215" started-at="2022-03-15T09:16:34Z" finished-at="2022-03-15T09:16:34Z">
      <class name="trial.Demo3Test">
        <test-method status="PASS" signature="demo3Test()[pri:0, instance:trial.Demo3Test@5034c75a]" name="demo3Test" duration-ms="23" started-at="2022-03-15T09:16:34Z" finished-at="2022-03-15T09:16:34Z">
          <reporter-output>
          </reporter-output>
        </test-method> <!-- demo3Test -->
      </class> <!-- trial.Demo3Test -->
    </test> <!-- Default test -->
  </suite> <!-- Default suite -->
</testng-results>
