<?xml version="1.0" encoding="UTF-8"?>
<testng-results skipped="0" failed="1" ignored="0" total="1" passed="0">
  <reporter-output>
  </reporter-output>
  <suite name="Default suite" duration-ms="24059" started-at="2022-01-12T19:51:39Z" finished-at="2022-01-12T19:52:03Z">
    <groups>
    </groups>
    <test name="Default test" duration-ms="24059" started-at="2022-01-12T19:51:39Z" finished-at="2022-01-12T19:52:03Z">
      <class name="testScripts.Test_fb">
        <test-method status="PASS" signature="openAppln()[pri:0, instance:testScripts.Test_fb@1e7c7811]" name="openAppln" is-config="true" duration-ms="19027" started-at="2022-01-12T19:51:39Z" finished-at="2022-01-12T19:51:58Z">
          <reporter-output>
          </reporter-output>
        </test-method> <!-- openAppln -->
        <test-method status="FAIL" signature="getLogged()[pri:0, instance:testScripts.Test_fb@1e7c7811]" name="getLogged" duration-ms="224" started-at="2022-01-12T19:51:58Z" finished-at="2022-01-12T19:51:58Z">
          <exception class="java.lang.NoSuchMethodError">
            <message>
              <![CDATA[org.apache.commons.io.IOUtils.byteArray(I)[B]]>
            </message>
            <full-stacktrace>
              <![CDATA[java.lang.NoSuchMethodError: org.apache.commons.io.IOUtils.byteArray(I)[B
at org.apache.commons.io.output.AbstractByteArrayOutputStream.needNewBuffer(AbstractByteArrayOutputStream.java:104)
at org.apache.commons.io.output.UnsynchronizedByteArrayOutputStream.<init>(UnsynchronizedByteArrayOutputStream.java:51)
at org.apache.poi.util.IOUtils.peekFirstNBytes(IOUtils.java:110)
at org.apache.poi.poifs.filesystem.FileMagic.valueOf(FileMagic.java:209)
at org.apache.poi.ss.usermodel.WorkbookFactory.create(WorkbookFactory.java:206)
at org.apache.poi.ss.usermodel.WorkbookFactory.create(WorkbookFactory.java:172)
at generic.Generic_read_excel.getData(Generic_read_excel.java:16)
at testScripts.Test_fb.getLogged(Test_fb.java:14)
at sun.reflect.NativeMethodAccessorImpl.invoke0(Native Method)
at sun.reflect.NativeMethodAccessorImpl.invoke(NativeMethodAccessorImpl.java:62)
at sun.reflect.DelegatingMethodAccessorImpl.invoke(DelegatingMethodAccessorImpl.java:43)
at java.lang.reflect.Method.invoke(Method.java:498)
at org.testng.internal.MethodInvocationHelper.invokeMethod(MethodInvocationHelper.java:124)
at org.testng.internal.Invoker.invokeMethod(Invoker.java:583)
at org.testng.internal.Invoker.invokeTestMethod(Invoker.java:719)
at org.testng.internal.Invoker.invokeTestMethods(Invoker.java:989)
at org.testng.internal.TestMethodWorker.invokeTestMethods(TestMethodWorker.java:125)
at org.testng.internal.TestMethodWorker.run(TestMethodWorker.java:109)
at org.testng.TestRunner.privateRun(TestRunner.java:648)
at org.testng.TestRunner.run(TestRunner.java:505)
at org.testng.SuiteRunner.runTest(SuiteRunner.java:455)
at org.testng.SuiteRunner.runSequentially(SuiteRunner.java:450)
at org.testng.SuiteRunner.privateRun(SuiteRunner.java:415)
at org.testng.SuiteRunner.run(SuiteRunner.java:364)
at org.testng.SuiteRunnerWorker.runSuite(SuiteRunnerWorker.java:52)
at org.testng.SuiteRunnerWorker.run(SuiteRunnerWorker.java:84)
at org.testng.TestNG.runSuitesSequentially(TestNG.java:1208)
at org.testng.TestNG.runSuitesLocally(TestNG.java:1137)
at org.testng.TestNG.runSuites(TestNG.java:1049)
at org.testng.TestNG.run(TestNG.java:1017)
at org.testng.remote.AbstractRemoteTestNG.run(AbstractRemoteTestNG.java:114)
at org.testng.remote.RemoteTestNG.initAndRun(RemoteTestNG.java:251)
at org.testng.remote.RemoteTestNG.main(RemoteTestNG.java:77)
]]>
            </full-stacktrace>
          </exception> <!-- java.lang.NoSuchMethodError -->
          <reporter-output>
          </reporter-output>
        </test-method> <!-- getLogged -->
        <test-method status="PASS" signature="closeAppln(org.testng.ITestResult)[pri:0, instance:testScripts.Test_fb@1e7c7811]" name="closeAppln" is-config="true" duration-ms="4703" started-at="2022-01-12T19:51:58Z" finished-at="2022-01-12T19:52:03Z">
          <params>
            <param index="0">
              <value>
                <![CDATA[[TestResult name=getLogged status=FAILURE method=Test_fb.getLogged()[pri:0, instance:testScripts.Test_fb@1e7c7811] output={null}]]]>
              </value>
            </param>
          </params>
          <reporter-output>
          </reporter-output>
        </test-method> <!-- closeAppln -->
      </class> <!-- testScripts.Test_fb -->
    </test> <!-- Default test -->
  </suite> <!-- Default suite -->
</testng-results>
